<?xml version="1.0" encoding="UTF-8"?>
<testsuite xmlns:xsi="http://www.w3.org/2001/XMLSchema-instance" xsi:noNamespaceSchemaLocation="https://maven.apache.org/surefire/maven-surefire-plugin/xsd/surefire-test-report-3.0.xsd" version="3.0" name="by.gstu.project.CarServiceTest" time="0.04" tests="3" errors="0" skipped="0" failures="0">
  <properties>
[...]
</properties>
  <testcase name="testFindByYearAndPrice" classname="by.gstu.project.CarServiceTest" time="0.015"/>
  <testcase name="testFindByModelAndYears" classname="by.gstu.project.CarServiceTest" time="0.001"/>
  <testcase name="testFindByBrand" classname="by.gstu.project.CarServiceTest" time="0.001"/>
</testsuite>